Warning: ignoring unsupported tag `ALLOW_UNICODE_NAMES    =' at line 79, file /home/travis/build/slaclab/surf/Doxyfile
Warning: ignoring unsupported tag `TOC_INCLUDE_HEADINGS   =' at line 313, file /home/travis/build/slaclab/surf/Doxyfile
Warning: ignoring unsupported tag `GROUP_NESTED_COMPOUNDS =' at line 370, file /home/travis/build/slaclab/surf/Doxyfile
Warning: ignoring unsupported tag `HIDE_COMPOUND_REFERENCE=' at line 541, file /home/travis/build/slaclab/surf/Doxyfile
Warning: ignoring unsupported tag `WARN_AS_ERROR          =' at line 765, file /home/travis/build/slaclab/surf/Doxyfile
Warning: ignoring unsupported tag `HTML_DYNAMIC_MENUS     =' at line 1195, file /home/travis/build/slaclab/surf/Doxyfile
Warning: ignoring unsupported tag `LATEX_EXTRA_STYLESHEET =' at line 1710, file /home/travis/build/slaclab/surf/Doxyfile
Warning: ignoring unsupported tag `LATEX_TIMESTAMP        =' at line 1777, file /home/travis/build/slaclab/surf/Doxyfile
Warning: ignoring unsupported tag `RTF_SOURCE_CODE        =' at line 1843, file /home/travis/build/slaclab/surf/Doxyfile
Warning: ignoring unsupported tag `MAN_SUBDIR             =' at line 1878, file /home/travis/build/slaclab/surf/Doxyfile
Warning: ignoring unsupported tag `DOCBOOK_PROGRAMLISTING =' at line 1941, file /home/travis/build/slaclab/surf/Doxyfile
Warning: ignoring unsupported tag `PLANTUML_JAR_PATH      =' at line 2370, file /home/travis/build/slaclab/surf/Doxyfile
Warning: ignoring unsupported tag `PLANTUML_CFG_FILE      =' at line 2375, file /home/travis/build/slaclab/surf/Doxyfile
Warning: ignoring unsupported tag `PLANTUML_INCLUDE_PATH  =' at line 2380, file /home/travis/build/slaclab/surf/Doxyfile
Warning: enabling OPTIMIZE_OUTPUT_VHDL assumes the following settings:
  INHERIT_DOCS           = NO (was YES)
  HIDE_SCOPE_NAMES       = YES (was NO)
  EXTRACT_PRIVATE        = YES (was NO)
  ENABLE_PREPROCESSING   = NO (was YES)
Notice: Output directory `doxygen' does not exist. I have created it for you.
Searching for include files...
Searching for example files...
Searching for images...
Searching for dot files...
Searching for msc files...
Searching for dia files...
Searching for files to exclude
Searching for files to process...
Searching for files in directory /home/travis/build/slaclab/surf/code_docs/surf
Searching for files in directory /home/travis/build/slaclab/surf/code_docs/surf/doxygen
Reading and parsing tag files
Parsing files
Building group list...
Building directory list...
Building namespace list...
Building file list...
Building class list...
Associating documentation with classes...
Computing nesting relations for classes...
Building example list...
Searching for enumerations...
Searching for documented typedefs...
Searching for members imported via using declarations...
Searching for included using directives...
Searching for documented variables...
Building interface member list...
Building member list...
Searching for friends...
Searching for documented defines...
Computing class inheritance relations...
Computing class usage relations...
Flushing cached template relations that have become invalid...
Creating members for template instances...
Computing class relations...
Add enum values to enums...
Searching for member function documentation...
Building page list...
Search for main page...
Computing page relations...
Determining the scope of groups...
Sorting lists...
Freeing entry tree
Determining which enums are documented
Computing member relations...
Building full member lists recursively...
Adding members to member groups.
Computing member references...
Generating disk names...
Adding source references...
Adding xrefitems...
Sorting member lists...
Computing dependencies between directories...
Generating citations page...
Counting data structures...
Resolving user defined references...
Finding anchors and sections in the documentation...
Transferring function references...
Combining using relations...
Adding members to index pages...
Generating style sheet...
Generating search indices...
Generating example documentation...
Generating file sources...
Generating file documentation...
Generating page documentation...
Generating group documentation...
Generating class documentation...
Generating namespace index...
Generating graph info page...
Generating directory documentation...
Generating index page...
Generating page index...
Generating module index...
Generating namespace index...
Generating namespace member index...
Generating annotated compound index...
Generating alphabetical compound index...
Generating hierarchical class index...
Generating graphical class hierarchy...
Generating member index...
Generating file index...
Generating file member index...
Generating example index...
finalizing index lists...
Running dot...
Generating dot graphs using 2 parallel threads...
Running dot for graph 1/1
Patching output file 1/1
lookup cache used 0/65536 hits=0 misses=0
finished...
